<?xml version="1.0" encoding="UTF-8"?>
<!-- Generated by org.testng.reporters.JUnitReportReporter -->
<testsuite skipped="0" hostname="DESKTOP-GL7UV43" name="Example.NewTest" tests="1" failures="0" timestamp="28 May 2019 04:49:15 GMT" time="13.642" errors="0">
  <testcase name="testEasy" time="13.642" classname="Example.NewTest"/>
</testsuite> <!-- Example.NewTest -->
